-------------------------------------------------------------------------------
Test set: com.tetris.TestTetris3
-------------------------------------------------------------------------------
Tests run: 15, Failures: 3, Errors: 0, Skipped: 0, Time elapsed: 0.962 s <<< FAILURE! - in com.tetris.TestTetris3
testPieceDog_se_mueve_a_la_derecha_dos_veces_y_va_a_la_izquierda(com.tetris.TestTetris3)  Time elapsed: 0.017 s  <<< FAILURE!
java.lang.AssertionError
	at com.tetris.TestTetris3.testPieceDog_se_mueve_a_la_derecha_dos_veces_y_va_a_la_izquierda(TestTetris3.java:250)

testPieceDog_Baja_dos_veces(com.tetris.TestTetris3)  Time elapsed: 0.002 s  <<< FAILURE!
java.lang.AssertionError
	at com.tetris.TestTetris3.testPieceDog_Baja_dos_veces(TestTetris3.java:157)

testPieceDog_se_mueve_a_la_izquierda(com.tetris.TestTetris3)  Time elapsed: 0.004 s  <<< FAILURE!
java.lang.AssertionError
	at com.tetris.TestTetris3.testPieceDog_se_mueve_a_la_izquierda(TestTetris3.java:229)

