<?xml version="1.0" encoding="UTF-8"?>
<testsuite xmlns:xsi="http://www.w3.org/2001/XMLSchema-instance" xsi:noNamespaceSchemaLocation="https://maven.apache.org/surefire/maven-surefire-plugin/xsd/surefire-test-report.xsd" name="com.tetris.TestTetris1" time="0.081" tests="5" errors="1" skipped="0" failures="0">
  <properties>
[...]
</properties>
  <testcase name="la_piece_L_tiene_la_forma_correcta" classname="com.tetris.TestTetris1" time="0.006"/>
  <testcase name="la_piece_esta_ahi" classname="com.tetris.TestTetris1" time="0"/>
  <testcase name="test_pieza_stick" classname="com.tetris.TestTetris1" time="0"/>
  <testcase name="la_pieza_existe" classname="com.tetris.TestTetris1" time="0"/>
  <testcase name="la_piece_Dog_tiene_la_forma_correcta" classname="com.tetris.TestTetris1" time="0.012">
    <error message="Unresolved compilation problems: &#10;	Syntax error on token(s), misplaced construct(s)&#10;	The method PieceDog(int[][]::piece) is undefined for the type PieceDog&#10;	Syntax error on token &quot;]&quot;, :: expected after this token&#10;	Syntax error, insert &quot;;&quot; to complete Statement&#10;	Constructor call must be the first statement in a constructor&#10;" type="java.lang.Error">java.lang.Error: 
Unresolved compilation problems: 
	Syntax error on token(s), misplaced construct(s)
	The method PieceDog(int[][]::piece) is undefined for the type PieceDog
	Syntax error on token "]", :: expected after this token
	Syntax error, insert ";" to complete Statement
	Constructor call must be the first statement in a constructor

	at com.tetris.TestTetris1.la_piece_Dog_tiene_la_forma_correcta(TestTetris1.java:51)
</error>
  </testcase>
</testsuite>